Doxygen version used: 1.10.0 (7ce13052afa7170109d103045afe22631926b01e*)
Parsing layout file docs/sdk_manual/DoxygenLayout.xml...
Searching for include files...
Searching for files in directory /home/sdias/Projects/rocky20/source/c++
Searching for example files...
Searching for images...
Searching for files in directory /home/sdias/Projects/rocky20/docs/sdk_manual/images
Searching for files in directory /home/sdias/Projects/rocky20/docs/sdk_manual/images/svg
Searching for dot files...
Searching for msc files...
Searching for dia files...
Searching for files to exclude
Searching INPUT for files to process...
Searching for files in directory /home/sdias/Projects/rocky20/source/c++/rocky20/api
Searching for files in directory /home/sdias/Projects/rocky20/source/c++/rocky20/api/sph
Searching for files in directory /home/sdias/Projects/rocky20/source/c++/rocky20/api/tests
Searching for files in directory /home/sdias/Projects/rocky20/source/c++/rocky20/api/device
Searching for files in directory /home/sdias/Projects/rocky20/docs/sdk_manual
Searching for files in directory /home/sdias/Projects/rocky20/docs/sdk_manual/images
Searching for files in directory /home/sdias/Projects/rocky20/docs/sdk_manual/images/svg
Reading and parsing tag files
Parsing files
Preprocessing /home/sdias/Projects/rocky20/source/c++/rocky20/api/device/api_backend.hpp...
Parsing file /home/sdias/Projects/rocky20/source/c++/rocky20/api/device/api_backend.hpp...
Preprocessing /home/sdias/Projects/rocky20/source/c++/rocky20/api/device/api_cuda.hpp...
Parsing file /home/sdias/Projects/rocky20/source/c++/rocky20/api/device/api_cuda.hpp...
Preprocessing /home/sdias/Projects/rocky20/source/c++/rocky20/api/device/api_cuda_cfd_coupling.hpp...
Parsing file /home/sdias/Projects/rocky20/source/c++/rocky20/api/device/api_cuda_cfd_coupling.hpp...
Preprocessing /home/sdias/Projects/rocky20/source/c++/rocky20/api/device/api_cuda_contacts.hpp...
Parsing file /home/sdias/Projects/rocky20/source/c++/rocky20/api/device/api_cuda_contacts.hpp...
Preprocessing /home/sdias/Projects/rocky20/source/c++/rocky20/api/device/api_cuda_joints.hpp...
Parsing file /home/sdias/Projects/rocky20/source/c++/rocky20/api/device/api_cuda_joints.hpp...
Preprocessing /home/sdias/Projects/rocky20/source/c++/rocky20/api/device/api_cuda_particles.hpp...
Parsing file /home/sdias/Projects/rocky20/source/c++/rocky20/api/device/api_cuda_particles.hpp...
Preprocessing /home/sdias/Projects/rocky20/source/c++/rocky20/api/device/api_cuda_triangles.hpp...
Parsing file /home/sdias/Projects/rocky20/source/c++/rocky20/api/device/api_cuda_triangles.hpp...
Preprocessing /home/sdias/Projects/rocky20/source/c++/rocky20/api/device/api_device_cfd_coupling.hpp...
Parsing file /home/sdias/Projects/rocky20/source/c++/rocky20/api/device/api_device_cfd_coupling.hpp...
Preprocessing /home/sdias/Projects/rocky20/source/c++/rocky20/api/device/api_device_contacts.hpp...
Parsing file /home/sdias/Projects/rocky20/source/c++/rocky20/api/device/api_device_contacts.hpp...
Preprocessing /home/sdias/Projects/rocky20/source/c++/rocky20/api/device/api_device_grid_search.hpp...
Parsing file /home/sdias/Projects/rocky20/source/c++/rocky20/api/device/api_device_grid_search.hpp...
Preprocessing /home/sdias/Projects/rocky20/source/c++/rocky20/api/device/api_device_joints.hpp...
Parsing file /home/sdias/Projects/rocky20/source/c++/rocky20/api/device/api_device_joints.hpp...
Preprocessing /home/sdias/Projects/rocky20/source/c++/rocky20/api/device/api_device_particles.hpp...
Parsing file /home/sdias/Projects/rocky20/source/c++/rocky20/api/device/api_device_particles.hpp...
Preprocessing /home/sdias/Projects/rocky20/source/c++/rocky20/api/device/api_device_triangles.hpp...
Parsing file /home/sdias/Projects/rocky20/source/c++/rocky20/api/device/api_device_triangles.hpp...
Preprocessing /home/sdias/Projects/rocky20/source/c++/rocky20/api/device/api_device_vicinity.hpp...
Parsing file /home/sdias/Projects/rocky20/source/c++/rocky20/api/device/api_device_vicinity.hpp...
Preprocessing /home/sdias/Projects/rocky20/source/c++/rocky20/api/device/api_omp_cfd_coupling.hpp...
Parsing file /home/sdias/Projects/rocky20/source/c++/rocky20/api/device/api_omp_cfd_coupling.hpp...
Preprocessing /home/sdias/Projects/rocky20/source/c++/rocky20/api/device/api_omp_contacts.cpp...
Parsing file /home/sdias/Projects/rocky20/source/c++/rocky20/api/device/api_omp_contacts.cpp...
Preprocessing /home/sdias/Projects/rocky20/source/c++/rocky20/api/device/api_omp_contacts.hpp...
Parsing file /home/sdias/Projects/rocky20/source/c++/rocky20/api/device/api_omp_contacts.hpp...
Preprocessing /home/sdias/Projects/rocky20/source/c++/rocky20/api/device/api_omp_joints.hpp...
Parsing file /home/sdias/Projects/rocky20/source/c++/rocky20/api/device/api_omp_joints.hpp...
Preprocessing /home/sdias/Projects/rocky20/source/c++/rocky20/api/device/api_omp_particles.hpp...
Parsing file /home/sdias/Projects/rocky20/source/c++/rocky20/api/device/api_omp_particles.hpp...
Preprocessing /home/sdias/Projects/rocky20/source/c++/rocky20/api/device/api_omp_triangles.hpp...
Parsing file /home/sdias/Projects/rocky20/source/c++/rocky20/api/device/api_omp_triangles.hpp...
Preprocessing /home/sdias/Projects/rocky20/source/c++/rocky20/api/dll_export.cpp...
Parsing file /home/sdias/Projects/rocky20/source/c++/rocky20/api/dll_export.cpp...
Preprocessing /home/sdias/Projects/rocky20/source/c++/rocky20/api/dll_export.h...
Parsing file /home/sdias/Projects/rocky20/source/c++/rocky20/api/dll_export.h...
Preprocessing /home/sdias/Projects/rocky20/source/c++/rocky20/api/rocky_api.cpp...
Parsing file /home/sdias/Projects/rocky20/source/c++/rocky20/api/rocky_api.cpp...
Preprocessing /home/sdias/Projects/rocky20/source/c++/rocky20/api/rocky_api.h...
Parsing file /home/sdias/Projects/rocky20/source/c++/rocky20/api/rocky_api.h...
Preprocessing /home/sdias/Projects/rocky20/source/c++/rocky20/api/rocky_api_cfd.cpp...
Parsing file /home/sdias/Projects/rocky20/source/c++/rocky20/api/rocky_api_cfd.cpp...
Preprocessing /home/sdias/Projects/rocky20/source/c++/rocky20/api/rocky_api_cfd.h...
Parsing file /home/sdias/Projects/rocky20/source/c++/rocky20/api/rocky_api_cfd.h...
Preprocessing /home/sdias/Projects/rocky20/source/c++/rocky20/api/rocky_api_cfd_functions.h...
Parsing file /home/sdias/Projects/rocky20/source/c++/rocky20/api/rocky_api_cfd_functions.h...
Preprocessing /home/sdias/Projects/rocky20/source/c++/rocky20/api/rocky_api_contact_functions.h...
Parsing file /home/sdias/Projects/rocky20/source/c++/rocky20/api/rocky_api_contact_functions.h...
Preprocessing /home/sdias/Projects/rocky20/source/c++/rocky20/api/rocky_api_functions.h...
Parsing file /home/sdias/Projects/rocky20/source/c++/rocky20/api/rocky_api_functions.h...
Preprocessing /home/sdias/Projects/rocky20/source/c++/rocky20/api/rocky_api_sph.cpp...
Parsing file /home/sdias/Projects/rocky20/source/c++/rocky20/api/rocky_api_sph.cpp...
Preprocessing /home/sdias/Projects/rocky20/source/c++/rocky20/api/rocky_api_sph.h...
Parsing file /home/sdias/Projects/rocky20/source/c++/rocky20/api/rocky_api_sph.h...
Preprocessing /home/sdias/Projects/rocky20/source/c++/rocky20/api/rocky_api_sph_functions.h...
Parsing file /home/sdias/Projects/rocky20/source/c++/rocky20/api/rocky_api_sph_functions.h...
Preprocessing /home/sdias/Projects/rocky20/source/c++/rocky20/api/rocky_api_vicinity.h...
Parsing file /home/sdias/Projects/rocky20/source/c++/rocky20/api/rocky_api_vicinity.h...
Preprocessing /home/sdias/Projects/rocky20/source/c++/rocky20/api/rocky_api_vicinity_functions.h...
Parsing file /home/sdias/Projects/rocky20/source/c++/rocky20/api/rocky_api_vicinity_functions.h...
Preprocessing /home/sdias/Projects/rocky20/source/c++/rocky20/api/rocky_boundary.hpp...
Parsing file /home/sdias/Projects/rocky20/source/c++/rocky20/api/rocky_boundary.hpp...
Preprocessing /home/sdias/Projects/rocky20/source/c++/rocky20/api/rocky_boundary_api.hpp...
Parsing file /home/sdias/Projects/rocky20/source/c++/rocky20/api/rocky_boundary_api.hpp...
Preprocessing /home/sdias/Projects/rocky20/source/c++/rocky20/api/rocky_boundary_deformation.cpp...
Parsing file /home/sdias/Projects/rocky20/source/c++/rocky20/api/rocky_boundary_deformation.cpp...
Preprocessing /home/sdias/Projects/rocky20/source/c++/rocky20/api/rocky_boundary_deformation.h...
Parsing file /home/sdias/Projects/rocky20/source/c++/rocky20/api/rocky_boundary_deformation.h...
Preprocessing /home/sdias/Projects/rocky20/source/c++/rocky20/api/rocky_boundary_scalars.hpp...
Parsing file /home/sdias/Projects/rocky20/source/c++/rocky20/api/rocky_boundary_scalars.hpp...
Preprocessing /home/sdias/Projects/rocky20/source/c++/rocky20/api/rocky_breakage_api.cpp...
Parsing file /home/sdias/Projects/rocky20/source/c++/rocky20/api/rocky_breakage_api.cpp...
Preprocessing /home/sdias/Projects/rocky20/source/c++/rocky20/api/rocky_breakage_api.h...
Parsing file /home/sdias/Projects/rocky20/source/c++/rocky20/api/rocky_breakage_api.h...
Preprocessing /home/sdias/Projects/rocky20/source/c++/rocky20/api/rocky_cfd.hpp...
Parsing file /home/sdias/Projects/rocky20/source/c++/rocky20/api/rocky_cfd.hpp...
Preprocessing /home/sdias/Projects/rocky20/source/c++/rocky20/api/rocky_cfd_model.cpp...
Parsing file /home/sdias/Projects/rocky20/source/c++/rocky20/api/rocky_cfd_model.cpp...
Preprocessing /home/sdias/Projects/rocky20/source/c++/rocky20/api/rocky_cfd_model.h...
Parsing file /home/sdias/Projects/rocky20/source/c++/rocky20/api/rocky_cfd_model.h...
Preprocessing /home/sdias/Projects/rocky20/source/c++/rocky20/api/rocky_contact.hpp...
Parsing file /home/sdias/Projects/rocky20/source/c++/rocky20/api/rocky_contact.hpp...
Preprocessing /home/sdias/Projects/rocky20/source/c++/rocky20/api/rocky_contact_api.hpp...
Parsing file /home/sdias/Projects/rocky20/source/c++/rocky20/api/rocky_contact_api.hpp...
Preprocessing /home/sdias/Projects/rocky20/source/c++/rocky20/api/rocky_contact_data_recorder_api.cpp...
Parsing file /home/sdias/Projects/rocky20/source/c++/rocky20/api/rocky_contact_data_recorder_api.cpp...
Preprocessing /home/sdias/Projects/rocky20/source/c++/rocky20/api/rocky_contact_data_recorder_api.h...
Parsing file /home/sdias/Projects/rocky20/source/c++/rocky20/api/rocky_contact_data_recorder_api.h...
Preprocessing /home/sdias/Projects/rocky20/source/c++/rocky20/api/rocky_contact_intermediate_data_api.hpp...
Parsing file /home/sdias/Projects/rocky20/source/c++/rocky20/api/rocky_contact_intermediate_data_api.hpp...
Preprocessing /home/sdias/Projects/rocky20/source/c++/rocky20/api/rocky_contact_output_data_api.hpp...
Parsing file /home/sdias/Projects/rocky20/source/c++/rocky20/api/rocky_contact_output_data_api.hpp...
Preprocessing /home/sdias/Projects/rocky20/source/c++/rocky20/api/rocky_contact_scalars.cpp...
Parsing file /home/sdias/Projects/rocky20/source/c++/rocky20/api/rocky_contact_scalars.cpp...
Preprocessing /home/sdias/Projects/rocky20/source/c++/rocky20/api/rocky_contact_scalars.hpp...
Parsing file /home/sdias/Projects/rocky20/source/c++/rocky20/api/rocky_contact_scalars.hpp...
Preprocessing /home/sdias/Projects/rocky20/source/c++/rocky20/api/rocky_fluid_scalars.cpp...
Parsing file /home/sdias/Projects/rocky20/source/c++/rocky20/api/rocky_fluid_scalars.cpp...
Preprocessing /home/sdias/Projects/rocky20/source/c++/rocky20/api/rocky_fluid_scalars.hpp...
Parsing file /home/sdias/Projects/rocky20/source/c++/rocky20/api/rocky_fluid_scalars.hpp...
Preprocessing /home/sdias/Projects/rocky20/source/c++/rocky20/api/rocky_joint_api.hpp...
Parsing file /home/sdias/Projects/rocky20/source/c++/rocky20/api/rocky_joint_api.hpp...
Preprocessing /home/sdias/Projects/rocky20/source/c++/rocky20/api/rocky_joint_scalars.cpp...
Parsing file /home/sdias/Projects/rocky20/source/c++/rocky20/api/rocky_joint_scalars.cpp...
Preprocessing /home/sdias/Projects/rocky20/source/c++/rocky20/api/rocky_joint_scalars.hpp...
Parsing file /home/sdias/Projects/rocky20/source/c++/rocky20/api/rocky_joint_scalars.hpp...
Preprocessing /home/sdias/Projects/rocky20/source/c++/rocky20/api/rocky_material_api.hpp...
Parsing file /home/sdias/Projects/rocky20/source/c++/rocky20/api/rocky_material_api.hpp...
Preprocessing /home/sdias/Projects/rocky20/source/c++/rocky20/api/rocky_model.hpp...
Parsing file /home/sdias/Projects/rocky20/source/c++/rocky20/api/rocky_model.hpp...
Preprocessing /home/sdias/Projects/rocky20/source/c++/rocky20/api/rocky_model_api.hpp...
Parsing file /home/sdias/Projects/rocky20/source/c++/rocky20/api/rocky_model_api.hpp...
Preprocessing /home/sdias/Projects/rocky20/source/c++/rocky20/api/rocky_output_collections_api.hpp...
Parsing file /home/sdias/Projects/rocky20/source/c++/rocky20/api/rocky_output_collections_api.hpp...
Preprocessing /home/sdias/Projects/rocky20/source/c++/rocky20/api/rocky_output_properties.cpp...
Parsing file /home/sdias/Projects/rocky20/source/c++/rocky20/api/rocky_output_properties.cpp...
Preprocessing /home/sdias/Projects/rocky20/source/c++/rocky20/api/rocky_output_properties.h...
Parsing file /home/sdias/Projects/rocky20/source/c++/rocky20/api/rocky_output_properties.h...
Preprocessing /home/sdias/Projects/rocky20/source/c++/rocky20/api/rocky_pair_scalars.hpp...
Parsing file /home/sdias/Projects/rocky20/source/c++/rocky20/api/rocky_pair_scalars.hpp...
Preprocessing /home/sdias/Projects/rocky20/source/c++/rocky20/api/rocky_particle.hpp...
Parsing file /home/sdias/Projects/rocky20/source/c++/rocky20/api/rocky_particle.hpp...
Preprocessing /home/sdias/Projects/rocky20/source/c++/rocky20/api/rocky_particle_api.hpp...
Parsing file /home/sdias/Projects/rocky20/source/c++/rocky20/api/rocky_particle_api.hpp...
Preprocessing /home/sdias/Projects/rocky20/source/c++/rocky20/api/rocky_particle_scalars.cpp...
Parsing file /home/sdias/Projects/rocky20/source/c++/rocky20/api/rocky_particle_scalars.cpp...
Preprocessing /home/sdias/Projects/rocky20/source/c++/rocky20/api/rocky_particle_scalars.hpp...
Parsing file /home/sdias/Projects/rocky20/source/c++/rocky20/api/rocky_particle_scalars.hpp...
Preprocessing /home/sdias/Projects/rocky20/source/c++/rocky20/api/rocky_plugin_data.cpp...
Parsing file /home/sdias/Projects/rocky20/source/c++/rocky20/api/rocky_plugin_data.cpp...
Preprocessing /home/sdias/Projects/rocky20/source/c++/rocky20/api/rocky_plugin_data.h...
Parsing file /home/sdias/Projects/rocky20/source/c++/rocky20/api/rocky_plugin_data.h...
Preprocessing /home/sdias/Projects/rocky20/source/c++/rocky20/api/rocky_point_cloud.cpp...
Parsing file /home/sdias/Projects/rocky20/source/c++/rocky20/api/rocky_point_cloud.cpp...
Preprocessing /home/sdias/Projects/rocky20/source/c++/rocky20/api/rocky_point_cloud.h...
Parsing file /home/sdias/Projects/rocky20/source/c++/rocky20/api/rocky_point_cloud.h...
Preprocessing /home/sdias/Projects/rocky20/source/c++/rocky20/api/rocky_point_cloud_api.hpp...
Parsing file /home/sdias/Projects/rocky20/source/c++/rocky20/api/rocky_point_cloud_api.hpp...
Preprocessing /home/sdias/Projects/rocky20/source/c++/rocky20/api/rocky_scalars.cpp...
Parsing file /home/sdias/Projects/rocky20/source/c++/rocky20/api/rocky_scalars.cpp...
Preprocessing /home/sdias/Projects/rocky20/source/c++/rocky20/api/rocky_scalars.h...
Parsing file /home/sdias/Projects/rocky20/source/c++/rocky20/api/rocky_scalars.h...
Preprocessing /home/sdias/Projects/rocky20/source/c++/rocky20/api/rocky_statistics_data.hpp...
Parsing file /home/sdias/Projects/rocky20/source/c++/rocky20/api/rocky_statistics_data.hpp...
Preprocessing /home/sdias/Projects/rocky20/source/c++/rocky20/api/rocky_time_curve_data.cpp...
Parsing file /home/sdias/Projects/rocky20/source/c++/rocky20/api/rocky_time_curve_data.cpp...
Preprocessing /home/sdias/Projects/rocky20/source/c++/rocky20/api/rocky_time_curve_data.hpp...
Parsing file /home/sdias/Projects/rocky20/source/c++/rocky20/api/rocky_time_curve_data.hpp...
Preprocessing /home/sdias/Projects/rocky20/source/c++/rocky20/api/rocky_timestep_api.cpp...
Parsing file /home/sdias/Projects/rocky20/source/c++/rocky20/api/rocky_timestep_api.cpp...
Preprocessing /home/sdias/Projects/rocky20/source/c++/rocky20/api/rocky_timestep_api.h...
Parsing file /home/sdias/Projects/rocky20/source/c++/rocky20/api/rocky_timestep_api.h...
Preprocessing /home/sdias/Projects/rocky20/source/c++/rocky20/api/rocky_triangle_scalars.cpp...
Parsing file /home/sdias/Projects/rocky20/source/c++/rocky20/api/rocky_triangle_scalars.cpp...
Preprocessing /home/sdias/Projects/rocky20/source/c++/rocky20/api/rocky_triangle_scalars.hpp...
Parsing file /home/sdias/Projects/rocky20/source/c++/rocky20/api/rocky_triangle_scalars.hpp...
Preprocessing /home/sdias/Projects/rocky20/source/c++/rocky20/api/rocky_vicinity_pair_api.hpp...
Parsing file /home/sdias/Projects/rocky20/source/c++/rocky20/api/rocky_vicinity_pair_api.hpp...
Preprocessing /home/sdias/Projects/rocky20/source/c++/rocky20/api/sph/api_cuda_sph.hpp...
Parsing file /home/sdias/Projects/rocky20/source/c++/rocky20/api/sph/api_cuda_sph.hpp...
Preprocessing /home/sdias/Projects/rocky20/source/c++/rocky20/api/sph/api_device_sph.hpp...
Parsing file /home/sdias/Projects/rocky20/source/c++/rocky20/api/sph/api_device_sph.hpp...
Preprocessing /home/sdias/Projects/rocky20/source/c++/rocky20/api/sph/api_omp_sph.hpp...
Parsing file /home/sdias/Projects/rocky20/source/c++/rocky20/api/sph/api_omp_sph.hpp...
Preprocessing /home/sdias/Projects/rocky20/source/c++/rocky20/api/sph/rocky_sph.hpp...
Parsing file /home/sdias/Projects/rocky20/source/c++/rocky20/api/sph/rocky_sph.hpp...
Preprocessing /home/sdias/Projects/rocky20/source/c++/rocky20/api/sph/rocky_sph_element.hpp...
Parsing file /home/sdias/Projects/rocky20/source/c++/rocky20/api/sph/rocky_sph_element.hpp...
Preprocessing /home/sdias/Projects/rocky20/source/c++/rocky20/api/sph/rocky_sph_element_api.hpp...
Parsing file /home/sdias/Projects/rocky20/source/c++/rocky20/api/sph/rocky_sph_element_api.hpp...
Preprocessing /home/sdias/Projects/rocky20/source/c++/rocky20/api/sph/rocky_sph_element_scalars.cpp...
Parsing file /home/sdias/Projects/rocky20/source/c++/rocky20/api/sph/rocky_sph_element_scalars.cpp...
Preprocessing /home/sdias/Projects/rocky20/source/c++/rocky20/api/sph/rocky_sph_element_scalars.hpp...
Parsing file /home/sdias/Projects/rocky20/source/c++/rocky20/api/sph/rocky_sph_element_scalars.hpp...
Preprocessing /home/sdias/Projects/rocky20/source/c++/rocky20/api/sph/rocky_sph_interaction.hpp...
Parsing file /home/sdias/Projects/rocky20/source/c++/rocky20/api/sph/rocky_sph_interaction.hpp...
Preprocessing /home/sdias/Projects/rocky20/source/c++/rocky20/api/sph/rocky_sph_interaction_api.hpp...
Parsing file /home/sdias/Projects/rocky20/source/c++/rocky20/api/sph/rocky_sph_interaction_api.hpp...
Preprocessing /home/sdias/Projects/rocky20/source/c++/rocky20/api/sph/rocky_sph_model.hpp...
Parsing file /home/sdias/Projects/rocky20/source/c++/rocky20/api/sph/rocky_sph_model.hpp...
Preprocessing /home/sdias/Projects/rocky20/source/c++/rocky20/api/sph/rocky_sph_model_api.cpp...
Parsing file /home/sdias/Projects/rocky20/source/c++/rocky20/api/sph/rocky_sph_model_api.cpp...
Preprocessing /home/sdias/Projects/rocky20/source/c++/rocky20/api/sph/rocky_sph_model_api.hpp...
Parsing file /home/sdias/Projects/rocky20/source/c++/rocky20/api/sph/rocky_sph_model_api.hpp...
Preprocessing /home/sdias/Projects/rocky20/source/c++/rocky20/api/tests/test_plugin_data.cpp...
Parsing file /home/sdias/Projects/rocky20/source/c++/rocky20/api/tests/test_plugin_data.cpp...
Reading /home/sdias/Projects/rocky20/docs/sdk_manual/changelog.md...
Reading /home/sdias/Projects/rocky20/docs/sdk_manual/getting_started.md...
Reading /home/sdias/Projects/rocky20/docs/sdk_manual/glossary.md...
Reading /home/sdias/Projects/rocky20/docs/sdk_manual/introduction.md...
Reading /home/sdias/Projects/rocky20/docs/sdk_manual/macros_and_specifiers.md...
Reading /home/sdias/Projects/rocky20/docs/sdk_manual/module_specification.md...
Reading /home/sdias/Projects/rocky20/docs/sdk_manual/solver_hooks.md...
Reading /home/sdias/Projects/rocky20/docs/sdk_manual/usage_examples.md...
Building macro definition list...
Building group list...
Building directory list...
Building namespace list...
Building file list...
Building class list...
Building concept list...
Computing nesting relations for classes...
Associating documentation with classes...
Associating documentation with concepts...
Associating documentation with modules...
Building example list...
Searching for enumerations...
Searching for documented typedefs...
Searching for members imported via using declarations...
Searching for included using directives...
Searching for documented variables...
Building interface member list...
Building member list...
Searching for friends...
Searching for documented defines...
Computing class inheritance relations...
Computing class usage relations...
Flushing cached template relations that have become invalid...
Computing class relations...
Add enum values to enums...
Searching for member function documentation...
Creating members for template instances...
Building page list...
Search for main page...
Computing page relations...
Determining the scope of groups...
Computing module relations...
Sorting lists...
Determining which enums are documented
Computing member relations...
Building full member lists recursively...
Adding members to member groups.
Computing member references...
Inheriting documentation...
Generating disk names...
Adding source references...
Adding xrefitems...
Sorting member lists...
Setting anonymous enum type...
Computing dependencies between directories...
Generating citations page...
Counting members...
Counting data structures...
Resolving user defined references...
Finding anchors and sections in the documentation...
Transferring function references...
Combining using relations...
Adding members to index pages...
Correcting members for VHDL...
Computing tooltip texts...
Generating style sheet...
Generating search indices...
Generating example documentation...
Generating file sources...
Generating code for file source/c++/rocky20/api/device/api_backend.hpp...
Generating code for file source/c++/rocky20/api/device/api_cuda.hpp...
Generating code for file source/c++/rocky20/api/device/api_cuda_cfd_coupling.hpp...
Generating code for file source/c++/rocky20/api/device/api_cuda_contacts.hpp...
Generating code for file source/c++/rocky20/api/device/api_cuda_joints.hpp...
Generating code for file source/c++/rocky20/api/device/api_cuda_particles.hpp...
Generating code for file source/c++/rocky20/api/device/api_cuda_triangles.hpp...
Generating code for file source/c++/rocky20/api/device/api_device_cfd_coupling.hpp...
Generating code for file source/c++/rocky20/api/device/api_device_contacts.hpp...
Generating code for file source/c++/rocky20/api/device/api_device_grid_search.hpp...
Generating code for file source/c++/rocky20/api/device/api_device_joints.hpp...
Generating code for file source/c++/rocky20/api/device/api_device_particles.hpp...
Generating code for file source/c++/rocky20/api/device/api_device_triangles.hpp...
Generating code for file source/c++/rocky20/api/device/api_device_vicinity.hpp...
Generating code for file source/c++/rocky20/api/device/api_omp_cfd_coupling.hpp...
Generating code for file source/c++/rocky20/api/device/api_omp_contacts.hpp...
Generating code for file source/c++/rocky20/api/device/api_omp_joints.hpp...
Generating code for file source/c++/rocky20/api/device/api_omp_particles.hpp...
Generating code for file source/c++/rocky20/api/device/api_omp_triangles.hpp...
Generating code for file source/c++/rocky20/api/dll_export.h...
Generating code for file source/c++/rocky20/api/rocky_api.h...
Generating code for file source/c++/rocky20/api/rocky_api_cfd.h...
Generating code for file source/c++/rocky20/api/rocky_api_cfd_functions.h...
Generating code for file source/c++/rocky20/api/rocky_api_contact_functions.h...
Generating code for file source/c++/rocky20/api/rocky_api_functions.h...
Generating code for file source/c++/rocky20/api/rocky_api_sph.h...
Generating code for file source/c++/rocky20/api/rocky_api_sph_functions.h...
Generating code for file source/c++/rocky20/api/rocky_api_vicinity.h...
Generating code for file source/c++/rocky20/api/rocky_api_vicinity_functions.h...
Generating code for file source/c++/rocky20/api/rocky_boundary.hpp...
Generating code for file source/c++/rocky20/api/rocky_boundary_api.hpp...
Generating code for file source/c++/rocky20/api/rocky_boundary_deformation.h...
Generating code for file source/c++/rocky20/api/rocky_boundary_scalars.hpp...
Generating code for file source/c++/rocky20/api/rocky_breakage_api.h...
Generating code for file source/c++/rocky20/api/rocky_cfd.hpp...
Generating code for file source/c++/rocky20/api/rocky_cfd_model.h...
Generating code for file source/c++/rocky20/api/rocky_contact.hpp...
Generating code for file source/c++/rocky20/api/rocky_contact_api.hpp...
Generating code for file source/c++/rocky20/api/rocky_contact_data_recorder_api.h...
Generating code for file source/c++/rocky20/api/rocky_contact_intermediate_data_api.hpp...
Generating code for file source/c++/rocky20/api/rocky_contact_output_data_api.hpp...
Generating code for file source/c++/rocky20/api/rocky_contact_scalars.hpp...
Generating code for file source/c++/rocky20/api/rocky_fluid_scalars.hpp...
Generating code for file source/c++/rocky20/api/rocky_joint_api.hpp...
Generating code for file source/c++/rocky20/api/rocky_joint_scalars.hpp...
Generating code for file source/c++/rocky20/api/rocky_material_api.hpp...
Generating code for file source/c++/rocky20/api/rocky_model.hpp...
Generating code for file source/c++/rocky20/api/rocky_model_api.hpp...
Generating code for file source/c++/rocky20/api/rocky_output_collections_api.hpp...
Generating code for file source/c++/rocky20/api/rocky_output_properties.h...
Generating code for file source/c++/rocky20/api/rocky_pair_scalars.hpp...
Generating code for file source/c++/rocky20/api/rocky_particle.hpp...
Generating code for file source/c++/rocky20/api/rocky_particle_api.hpp...
Generating code for file source/c++/rocky20/api/rocky_particle_scalars.hpp...
Generating code for file source/c++/rocky20/api/rocky_plugin_data.h...
Generating code for file source/c++/rocky20/api/rocky_point_cloud.h...
Generating code for file source/c++/rocky20/api/rocky_point_cloud_api.hpp...
Generating code for file source/c++/rocky20/api/rocky_scalars.h...
Generating code for file source/c++/rocky20/api/rocky_statistics_data.hpp...
Generating code for file source/c++/rocky20/api/rocky_time_curve_data.hpp...
Generating code for file source/c++/rocky20/api/rocky_timestep_api.h...
Generating code for file source/c++/rocky20/api/rocky_triangle_scalars.hpp...
Generating code for file source/c++/rocky20/api/rocky_vicinity_pair_api.hpp...
Generating code for file source/c++/rocky20/api/sph/api_cuda_sph.hpp...
Generating code for file source/c++/rocky20/api/sph/api_device_sph.hpp...
Generating code for file source/c++/rocky20/api/sph/api_omp_sph.hpp...
Generating code for file source/c++/rocky20/api/sph/rocky_sph.hpp...
Generating code for file source/c++/rocky20/api/sph/rocky_sph_element.hpp...
Generating code for file source/c++/rocky20/api/sph/rocky_sph_element_api.hpp...
Generating code for file source/c++/rocky20/api/sph/rocky_sph_element_scalars.hpp...
Generating code for file source/c++/rocky20/api/sph/rocky_sph_interaction.hpp...
Generating code for file source/c++/rocky20/api/sph/rocky_sph_interaction_api.hpp...
Generating code for file source/c++/rocky20/api/sph/rocky_sph_model.hpp...
Generating code for file source/c++/rocky20/api/sph/rocky_sph_model_api.hpp...
Generating file documentation...
Generating page documentation...
Generating docs for page changelog...
Generating docs for page getting_started...
Generating docs for page glossary...
Generating docs for page macros_and_specifiers...
Generating docs for page module_specification...
Generating docs for page solver_hooks...
Generating docs for page usage_examples...
Generating group documentation...
Generating class documentation...
Generating docs for compound IRockyAdhesionOutputData...
Generating docs for compound IRockyAdhesiveDistanceData...
Generating docs for compound IRockyBreakableParticle...
Generating docs for compound IRockyCFDModel...
Generating docs for compound IRockyCFDProperties...
Generating docs for compound IRockyCloudPoint...
Generating docs for compound IRockyContact...
Generating docs for compound IRockyContactDataRecorder...
Generating docs for compound IRockyContactIntermediateData...
Generating docs for compound IRockyContactOutputData...
Generating docs for compound IRockyContactScalars...
Generating docs for compound IRockyContactScalarsModel...
Generating docs for compound IRockyCurveCollectionData...
Generating docs for compound IRockyDeviceModel...
Generating docs for compound IRockyFluidScalars...
Generating docs for compound IRockyFluidScalarsModel...
Generating docs for compound IRockyGeometriesMotionData...
Generating docs for compound IRockyGeometryMotionData...
Generating docs for compound IRockyGeometryScalars...
Generating docs for compound IRockyGeometryScalarsModel...
Generating docs for compound IRockyGeometryTriangle...
Generating docs for compound IRockyGeometryTriangleHost...
Generating docs for compound IRockyInteractionCalculationsData...
Generating docs for compound IRockyJoint...
Generating docs for compound IRockyJointScalars...
Generating docs for compound IRockyJointScalarsModel...
Generating docs for compound IRockyMaterial...
Generating docs for compound IRockyMaterialInteraction...
Generating docs for compound IRockyModel...
Generating docs for compound IRockyOutputPropertyCollection...
Generating docs for compound IRockyPairScalars...
Generating docs for compound IRockyPairScalarsModel...
Generating docs for compound IRockyParticle...
Generating docs for compound IRockyParticleBreakageScalars...
Generating docs for compound IRockyParticleBreakageScalarsModel...
Generating docs for compound IRockyParticleHost...
Generating docs for compound IRockyParticleScalars...
Generating docs for compound IRockyParticleScalarsModel...
Generating docs for compound IRockyParticleTransferScalars...
Generating docs for compound IRockyParticleTransferScalarsModel...
Generating docs for compound IRockyPluginData...
Generating docs for compound IRockyPluginDataEntry...
Generating docs for compound IRockySPHDeviceModel...
Generating docs for compound IRockySPHElement...
Generating docs for compound IRockySPHElementHost...
Generating docs for compound IRockySPHElementInteraction...
Generating docs for compound IRockySPHElementScalars...
Generating docs for compound IRockySPHElementScalarsModel...
Generating docs for compound IRockySPHModel...
Generating docs for compound IRockySPHTriangleInteraction...
Generating docs for compound IRockyStatisticsAccumulator...
Generating docs for compound IRockyStatisticsAdder...
Generating docs for compound IRockyTimestepData...
Generating docs for compound IRockyTriangleScalars...
Generating docs for compound IRockyTriangleScalarsModel...
Generating docs for compound IRockyVicinityPair...
Generating concept documentation...
Generating module documentation...
Generating namespace documentation...
Generating graph info page...
Generating directory documentation...
Generating index page...
Generating main page...
Generating annotated compound index...
Generating alphabetical compound index...
Generating hierarchical class index...
Generating member index...
Generating file index...
Generating file member index...
Generating example index...
finalizing index lists...
writing tag file...
Generating XML output...
Generating XML output for class BaseNeighborhoodOperator
Generating XML output for class device::CFDDataRecorderOperator
Generating XML output for class device::CouplingDispatchData
Generating XML output for class device::DefaultElementsOperator
Generating XML output for class device::DefaultOperator
Generating XML output for class device::DefaultTrianglesOperator
Generating XML output for class DeformablePipelineFunctions
Generating XML output for class device::DragHeavyWeightOperator
Generating XML output for class device::DragLightWeightOperator
Generating XML output for class device::DragOperator
Generating XML output for class device::DragParametricOperator
Generating XML output for class device::EmptyCustomCouplingPlugin
Generating XML output for class device::ForceElementInteractionOperator
Generating XML output for class device::ForceElementOperator
Generating XML output for class ForcePipelineFunctions
Generating XML output for class device::ForceTriangleInteractionOperator
Generating XML output for class Function2Functor
Generating XML output for class GridSearchParameters
Generating XML output for class device::HeatConvectionOperator
Generating XML output for class device::HeatConvectionParametricOperator
Generating XML output for class device::HeatTransferElementsOperator
Generating XML output for class device::HeatTransferTrianglesOperator
Generating XML output for class device::InvalidOperator
Generating XML output for class IRockyAdhesionOutputData
Generating XML output for class IRockyAdhesiveDistanceData
Generating XML output for class IRockyBreakableParticle
Generating XML output for class IRockyCFDModel
Generating XML output for class IRockyCFDProperties
Generating XML output for class IRockyCloudPoint
Generating XML output for class IRockyContact
Generating XML output for class IRockyContactDataRecorder
Generating XML output for class IRockyContactIntermediateData
Generating XML output for class IRockyContactOutputData
Generating XML output for class IRockyContactScalars
Generating XML output for class IRockyContactScalarsModel
Generating XML output for class IRockyCurveCollectionData
Generating XML output for class IRockyDeviceModel
Generating XML output for class IRockyFluidScalars
Generating XML output for class IRockyFluidScalarsModel
Generating XML output for class IRockyGeometriesMotionData
Generating XML output for class IRockyGeometryMotionData
Generating XML output for class IRockyGeometryScalars
Generating XML output for class IRockyGeometryScalarsModel
Generating XML output for class IRockyGeometryTriangle
Generating XML output for class IRockyGeometryTriangleHost
Generating XML output for class IRockyInteractionCalculationsData
Generating XML output for class IRockyJoint
Generating XML output for class IRockyJointOutputData
Generating XML output for class IRockyJointScalars
Generating XML output for class IRockyJointScalarsModel
Generating XML output for class IRockyMaterial
Generating XML output for class IRockyMaterialInteraction
Generating XML output for class IRockyModel
Generating XML output for class IRockyOutputPropertyCollection
Generating XML output for class IRockyPairScalars
Generating XML output for class IRockyPairScalarsModel
Generating XML output for class IRockyParticle
Generating XML output for class IRockyParticleBreakageScalars
Generating XML output for class IRockyParticleBreakageScalarsModel
Generating XML output for class IRockyParticleHost
Generating XML output for class IRockyParticleScalars
Generating XML output for class IRockyParticleScalarsModel
Generating XML output for class IRockyParticleTransferScalars
Generating XML output for class IRockyParticleTransferScalarsModel
Generating XML output for class IRockyPluginData
Generating XML output for class IRockyPluginDataEntry
Generating XML output for class IRockySPHDeviceModel
Generating XML output for class IRockySPHElement
Generating XML output for class IRockySPHElementHost
Generating XML output for class IRockySPHElementInteraction
Generating XML output for class IRockySPHElementScalars
Generating XML output for class IRockySPHElementScalarsModel
Generating XML output for class IRockySPHModel
Generating XML output for class IRockySPHTriangleInteraction
Generating XML output for class IRockyStatisticsAccumulator
Generating XML output for class IRockyStatisticsAdder
Generating XML output for class IRockyTimestepData
Generating XML output for class IRockyTriangleScalars
Generating XML output for class IRockyTriangleScalarsModel
Generating XML output for class IRockyVicinityPair
Generating XML output for class device::LiftOperator
Generating XML output for class device::LiftParametricOperator
Generating XML output for class device::MolecularViscosityElementOperator
Generating XML output for class OutputPropertiesSetup
Generating XML output for class OutputPropertyInfo
Generating XML output for class ParticlesNeighborhoodOperator
Generating XML output for class device::TorqueOperator
Generating XML output for class device::TorqueParametricOperator
Generating XML output for class TrianglesNeighborhoodOperator
Generating XML output for class device::TurbulenceOperator
Generating XML output for class device::TwoWayCouplingOperator
Generating XML output for class device::VirtualMassOperator
Generating XML output for class device::VirtualMassParametricOperator
Generating XML output for namespace @8
Generating XML output for namespace backend
Generating XML output for namespace breakage
Generating XML output for namespace device
Generating XML output for namespace rocky
Generating XML output for namespace rocky20
Generating XML output for namespace rocky20::addins
Generating XML output for namespace rocky::cuda
Generating XML output for namespace rocky::omp
Generating XML output for namespace rocky::vector
Generating XML output for namespace timestep
Generating XML output for file changelog.md
Generating XML output for file getting_started.md
Generating XML output for file glossary.md
Generating XML output for file introduction.md
Generating XML output for file macros_and_specifiers.md
Generating XML output for file module_specification.md
Generating XML output for file solver_hooks.md
Generating XML output for file usage_examples.md
Generating XML output for file api_backend.hpp
Generating XML output for file api_cuda.hpp
Generating XML output for file api_cuda_cfd_coupling.hpp
Generating XML output for file api_cuda_contacts.hpp
Generating XML output for file api_cuda_joints.hpp
Generating XML output for file api_cuda_particles.hpp
Generating XML output for file api_cuda_triangles.hpp
Generating XML output for file api_device_cfd_coupling.hpp
Generating XML output for file api_device_contacts.hpp
Generating XML output for file api_device_grid_search.hpp
Generating XML output for file api_device_joints.hpp
Generating XML output for file api_device_particles.hpp
Generating XML output for file api_device_triangles.hpp
Generating XML output for file api_device_vicinity.hpp
Generating XML output for file api_omp_cfd_coupling.hpp
Generating XML output for file api_omp_contacts.cpp
Generating XML output for file api_omp_contacts.hpp
Generating XML output for file api_omp_joints.hpp
Generating XML output for file api_omp_particles.hpp
Generating XML output for file api_omp_triangles.hpp
Generating XML output for file dll_export.cpp
Generating XML output for file dll_export.h
Generating XML output for file rocky_api.cpp
Generating XML output for file rocky_api.h
Generating XML output for file rocky_api_cfd.cpp
Generating XML output for file rocky_api_cfd.h
Generating XML output for file rocky_api_cfd_functions.h
Generating XML output for file rocky_api_contact_functions.h
Generating XML output for file rocky_api_functions.h
Generating XML output for file rocky_api_sph.cpp
Generating XML output for file rocky_api_sph.h
Generating XML output for file rocky_api_sph_functions.h
Generating XML output for file rocky_api_vicinity.h
Generating XML output for file rocky_api_vicinity_functions.h
Generating XML output for file rocky_boundary.hpp
Generating XML output for file rocky_boundary_api.hpp
Generating XML output for file rocky_boundary_deformation.cpp
Generating XML output for file rocky_boundary_deformation.h
Generating XML output for file rocky_boundary_scalars.hpp
Generating XML output for file rocky_breakage_api.cpp
Generating XML output for file rocky_breakage_api.h
Generating XML output for file rocky_cfd.hpp
Generating XML output for file rocky_cfd_model.cpp
Generating XML output for file rocky_cfd_model.h
Generating XML output for file rocky_contact.hpp
Generating XML output for file rocky_contact_api.hpp
Generating XML output for file rocky_contact_data_recorder_api.cpp
Generating XML output for file rocky_contact_data_recorder_api.h
Generating XML output for file rocky_contact_intermediate_data_api.hpp
Generating XML output for file rocky_contact_output_data_api.hpp
Generating XML output for file rocky_contact_scalars.cpp
Generating XML output for file rocky_contact_scalars.hpp
Generating XML output for file rocky_fluid_scalars.cpp
Generating XML output for file rocky_fluid_scalars.hpp
Generating XML output for file rocky_joint_api.hpp
Generating XML output for file rocky_joint_scalars.cpp
Generating XML output for file rocky_joint_scalars.hpp
Generating XML output for file rocky_material_api.hpp
Generating XML output for file rocky_model.hpp
Generating XML output for file rocky_model_api.hpp
Generating XML output for file rocky_output_collections_api.hpp
Generating XML output for file rocky_output_properties.cpp
Generating XML output for file rocky_output_properties.h
Generating XML output for file rocky_pair_scalars.hpp
Generating XML output for file rocky_particle.hpp
Generating XML output for file rocky_particle_api.hpp
Generating XML output for file rocky_particle_scalars.cpp
Generating XML output for file rocky_particle_scalars.hpp
Generating XML output for file rocky_plugin_data.cpp
Generating XML output for file rocky_plugin_data.h
Generating XML output for file rocky_point_cloud.cpp
Generating XML output for file rocky_point_cloud.h
Generating XML output for file rocky_point_cloud_api.hpp
Generating XML output for file rocky_scalars.cpp
Generating XML output for file rocky_scalars.h
Generating XML output for file rocky_statistics_data.hpp
Generating XML output for file rocky_time_curve_data.cpp
Generating XML output for file rocky_time_curve_data.hpp
Generating XML output for file rocky_timestep_api.cpp
Generating XML output for file rocky_timestep_api.h
Generating XML output for file rocky_triangle_scalars.cpp
Generating XML output for file rocky_triangle_scalars.hpp
Generating XML output for file rocky_vicinity_pair_api.hpp
Generating XML output for file api_cuda_sph.hpp
Generating XML output for file api_device_sph.hpp
Generating XML output for file api_omp_sph.hpp
Generating XML output for file rocky_sph.hpp
Generating XML output for file rocky_sph_element.hpp
Generating XML output for file rocky_sph_element_api.hpp
Generating XML output for file rocky_sph_element_scalars.cpp
Generating XML output for file rocky_sph_element_scalars.hpp
Generating XML output for file rocky_sph_interaction.hpp
Generating XML output for file rocky_sph_interaction_api.hpp
Generating XML output for file rocky_sph_model.hpp
Generating XML output for file rocky_sph_model_api.cpp
Generating XML output for file rocky_sph_model_api.hpp
Generating XML output for file test_plugin_data.cpp
Generating XML output for page changelog
Generating XML output for page getting_started
Generating XML output for page glossary
Generating XML output for page macros_and_specifiers
Generating XML output for page module_specification
Generating XML output for page solver_hooks
Generating XML output for page usage_examples
Generate XML output for dir /home/sdias/Projects/rocky20/source/c++/rocky20/api/
Generate XML output for dir /home/sdias/Projects/rocky20/source/c++/
Generate XML output for dir /home/sdias/Projects/rocky20/source/c++/rocky20/api/device/
Generate XML output for dir /home/sdias/Projects/rocky20/docs/
Generate XML output for dir /home/sdias/Projects/rocky20/source/c++/rocky20/
Generate XML output for dir /home/sdias/Projects/rocky20/docs/sdk_manual/
Generate XML output for dir /home/sdias/Projects/rocky20/source/
Generate XML output for dir /home/sdias/Projects/rocky20/source/c++/rocky20/api/sph/
Generate XML output for dir /home/sdias/Projects/rocky20/source/c++/rocky20/api/tests/
Generating XML output for the main page
Running plantuml with JAVA...
type lookup cache used 6640/65536 hits=50689 misses=6705
symbol lookup cache used 7516/65536 hits=76310 misses=7516
finished...
